#! /usr/bin/vvp
:ivl_version "12.0 (stable)" "(v12_0-dirty)";
:ivl_delay_selection "TYPICAL";
:vpi_time_precision + 0;
:vpi_module "/usr/lib/ivl/system.vpi";
:vpi_module "/usr/lib/ivl/vhdl_sys.vpi";
:vpi_module "/usr/lib/ivl/vhdl_textio.vpi";
:vpi_module "/usr/lib/ivl/v2005_math.vpi";
:vpi_module "/usr/lib/ivl/va_math.vpi";
:vpi_module "/usr/lib/ivl/v2009.vpi";
S_0x64bb58bd19f0 .scope package, "$unit" "$unit" 2 1;
 .timescale 0 0;
S_0x64bb58bd6780 .scope module, "mcc4test" "mcc4test" 3 69;
 .timescale 0 0;
v0x64bb58c01700_0 .var "a", 3 0;
v0x64bb58c017e0_0 .var "b", 3 0;
v0x64bb58c018b0_0 .var "cin", 0 0;
v0x64bb58c019b0_0 .net "cout", 0 0, L_0x64bb58c04d30;  1 drivers
v0x64bb58c01a80_0 .var/2s "i", 31 0;
v0x64bb58c01b70_0 .var/2s "j", 31 0;
v0x64bb58c01c10_0 .var/2s "k", 31 0;
v0x64bb58c01cf0_0 .net "s", 3 0, L_0x64bb58c047a0;  1 drivers
S_0x64bb58bd6910 .scope module, "_mcc" "MCC4" 3 74, 3 23 0, S_0x64bb58bd6780;
 .timescale 0 0;
    .port_info 0 /INPUT 4 "a";
    .port_info 1 /INPUT 4 "b";
    .port_info 2 /INPUT 1 "cin";
    .port_info 3 /OUTPUT 4 "s";
    .port_info 4 /OUTPUT 1 "cout";
L_0x64bb58c04730 .functor NOT 1, v0x64bb58c018b0_0, C4<0>, C4<0>, C4<0>;
L_0x64bb58c04d30 .functor NOT 1, L_0x64bb58c04c90, C4<0>, C4<0>, C4<0>;
v0x64bb58c00fa0_0 .net "C", 3 -1, L_0x64bb58c04930;  1 drivers
v0x64bb58c010a0_0 .net *"_ivl_32", 0 0, L_0x64bb58c04730;  1 drivers
v0x64bb58c01180_0 .net *"_ivl_35", 0 0, L_0x64bb58c04c90;  1 drivers
v0x64bb58c01240_0 .net "a", 3 0, v0x64bb58c01700_0;  1 drivers
v0x64bb58c01320_0 .net "b", 3 0, v0x64bb58c017e0_0;  1 drivers
v0x64bb58c01400_0 .net "cin", 0 0, v0x64bb58c018b0_0;  1 drivers
v0x64bb58c014c0_0 .net "cout", 0 0, L_0x64bb58c04d30;  alias, 1 drivers
v0x64bb58c01580_0 .net "s", 3 0, L_0x64bb58c047a0;  alias, 1 drivers
L_0x64bb58c02610 .part v0x64bb58c01700_0, 0, 1;
L_0x64bb58c02700 .part v0x64bb58c017e0_0, 0, 1;
L_0x64bb58c027f0 .part L_0x64bb58c04930, 0, 1;
L_0x64bb58c03030 .part v0x64bb58c01700_0, 1, 1;
L_0x64bb58c03100 .part v0x64bb58c017e0_0, 1, 1;
L_0x64bb58c031a0 .part L_0x64bb58c04930, 1, 1;
L_0x64bb58c03a80 .part v0x64bb58c01700_0, 2, 1;
L_0x64bb58c03bb0 .part v0x64bb58c017e0_0, 2, 1;
L_0x64bb58c03d30 .part L_0x64bb58c04930, 2, 1;
L_0x64bb58c04460 .part v0x64bb58c01700_0, 3, 1;
L_0x64bb58c04560 .part v0x64bb58c017e0_0, 3, 1;
L_0x64bb58c04600 .part L_0x64bb58c04930, 3, 1;
L_0x64bb58c047a0 .concat8 [ 1 1 1 1], L_0x64bb58c024c0, L_0x64bb58c02ee0, L_0x64bb58c03930, L_0x64bb58c04310;
RS_0x7504355af0a8 .resolv tri, L_0x64bb58c01ff0, L_0x64bb58c02100, L_0x64bb58c02450;
RS_0x7504355af3a8 .resolv tri, L_0x64bb58c02a10, L_0x64bb58c02b20, L_0x64bb58c02e70;
RS_0x7504355af6a8 .resolv tri, L_0x64bb58c03460, L_0x64bb58c03570, L_0x64bb58c038c0;
LS_0x64bb58c04930_0_0 .concat8 [ 1 1 1 1], L_0x64bb58c04730, RS_0x7504355af0a8, RS_0x7504355af3a8, RS_0x7504355af6a8;
RS_0x7504355af9a8 .resolv tri, L_0x64bb58c03eb0, L_0x64bb58c03fc0, L_0x64bb58c042a0;
LS_0x64bb58c04930_0_4 .concat8 [ 1 0 0 0], RS_0x7504355af9a8;
L_0x64bb58c04930 .concat8 [ 4 1 0 0], LS_0x64bb58c04930_0_0, LS_0x64bb58c04930_0_4;
L_0x64bb58c04c90 .part L_0x64bb58c04930, 4, 1;
S_0x64bb58b9b540 .scope generate, "gen_mcc[0]" "gen_mcc[0]" 3 34, 3 34 0, S_0x64bb58bd6910;
 .timescale 0 0;
P_0x64bb58b9b720 .param/l "i" 1 3 34, +C4<00>;
S_0x64bb58b9b7c0 .scope module, "_1" "MCC1" 3 35, 3 47 0, S_0x64bb58b9b540;
 .timescale 0 0;
    .port_info 0 /INPUT 1 "a";
    .port_info 1 /INPUT 1 "b";
    .port_info 2 /INPUT 1 "_cin";
    .port_info 3 /OUTPUT 1 "s";
    .port_info 4 /OUTPUT 1 "_cout";
L_0x64bb58c01db0 .functor XOR 1, L_0x64bb58c02610, L_0x64bb58c02700, C4<0>, C4<0>;
L_0x64bb58c01eb0 .functor AND 1, L_0x64bb58c02610, L_0x64bb58c02700, C4<1>, C4<1>;
L_0x750435566018 .functor BUFT 1, C8<551>, C4<0>, C4<0>, C4<0>;
L_0x64bb58c01ff0 .functor PMOS 1, L_0x750435566018, L_0x64bb58c01eb0, C4<0>, C4<0>;
L_0x64bb58c02100 .functor NMOS 1, L_0x64bb58c021f0, L_0x64bb58c01eb0, C4<0>, C4<0>;
L_0x750435566060 .functor BUFT 1, C4<0>, C4<0>, C4<0>, C4<0>;
L_0x64bb58c021f0 .functor NMOS 1, L_0x750435566060, L_0x64bb58c02300, C4<0>, C4<0>;
L_0x64bb58c02300 .functor NOT 1, L_0x64bb58c01db0, C4<0>, C4<0>, C4<0>;
L_0x64bb58c02450 .functor NMOS 1, L_0x64bb58c027f0, L_0x64bb58c01db0, C4<0>, C4<0>;
L_0x64bb58c024c0 .functor XNOR 1, L_0x64bb58c01db0, L_0x64bb58c027f0, C4<0>, C4<0>;
v0x64bb58bca6b0_0 .net "G", 0 0, L_0x64bb58c01eb0;  1 drivers
v0x64bb58bcec80_0 .net "P", 0 0, L_0x64bb58c01db0;  1 drivers
v0x64bb58bcc810_0 .net "_cin", 0 0, L_0x64bb58c027f0;  1 drivers
v0x64bb58bca370_0 .net8 "_cout", 0 0, RS_0x7504355af0a8;  3 drivers, strength-aware
v0x64bb58bfde90_0 .net8 "_inter", 0 0, L_0x64bb58c021f0;  1 drivers, strength-aware
v0x64bb58bfdfa0_0 .net/2s *"_ivl_4", 0 0, L_0x750435566060;  1 drivers
v0x64bb58bfe080_0 .net *"_ivl_6", 0 0, L_0x64bb58c02300;  1 drivers
v0x64bb58bfe160_0 .net8 "_wk1", 0 0, L_0x750435566018;  1 drivers, strength-aware
v0x64bb58bfe220_0 .net "a", 0 0, L_0x64bb58c02610;  1 drivers
v0x64bb58bfe2e0_0 .net "b", 0 0, L_0x64bb58c02700;  1 drivers
v0x64bb58bfe3a0_0 .net "s", 0 0, L_0x64bb58c024c0;  1 drivers
S_0x64bb58bfe500 .scope generate, "gen_mcc[1]" "gen_mcc[1]" 3 34, 3 34 0, S_0x64bb58bd6910;
 .timescale 0 0;
P_0x64bb58bfe6d0 .param/l "i" 1 3 34, +C4<01>;
S_0x64bb58bfe790 .scope module, "_1" "MCC1" 3 35, 3 47 0, S_0x64bb58bfe500;
 .timescale 0 0;
    .port_info 0 /INPUT 1 "a";
    .port_info 1 /INPUT 1 "b";
    .port_info 2 /INPUT 1 "_cin";
    .port_info 3 /OUTPUT 1 "s";
    .port_info 4 /OUTPUT 1 "_cout";
L_0x64bb58c02890 .functor XOR 1, L_0x64bb58c03030, L_0x64bb58c03100, C4<0>, C4<0>;
L_0x64bb58c02900 .functor AND 1, L_0x64bb58c03030, L_0x64bb58c03100, C4<1>, C4<1>;
L_0x7504355660a8 .functor BUFT 1, C8<551>, C4<0>, C4<0>, C4<0>;
L_0x64bb58c02a10 .functor PMOS 1, L_0x7504355660a8, L_0x64bb58c02900, C4<0>, C4<0>;
L_0x64bb58c02b20 .functor NMOS 1, L_0x64bb58c02c10, L_0x64bb58c02900, C4<0>, C4<0>;
L_0x7504355660f0 .functor BUFT 1, C4<0>, C4<0>, C4<0>, C4<0>;
L_0x64bb58c02c10 .functor NMOS 1, L_0x7504355660f0, L_0x64bb58c02d20, C4<0>, C4<0>;
L_0x64bb58c02d20 .functor NOT 1, L_0x64bb58c02890, C4<0>, C4<0>, C4<0>;
L_0x64bb58c02e70 .functor NMOS 1, L_0x64bb58c031a0, L_0x64bb58c02890, C4<0>, C4<0>;
L_0x64bb58c02ee0 .functor XNOR 1, L_0x64bb58c02890, L_0x64bb58c031a0, C4<0>, C4<0>;
v0x64bb58bfe970_0 .net "G", 0 0, L_0x64bb58c02900;  1 drivers
v0x64bb58bfea50_0 .net "P", 0 0, L_0x64bb58c02890;  1 drivers
v0x64bb58bfeb10_0 .net "_cin", 0 0, L_0x64bb58c031a0;  1 drivers
v0x64bb58bfebb0_0 .net8 "_cout", 0 0, RS_0x7504355af3a8;  3 drivers, strength-aware
v0x64bb58bfec70_0 .net8 "_inter", 0 0, L_0x64bb58c02c10;  1 drivers, strength-aware
v0x64bb58bfed80_0 .net/2s *"_ivl_4", 0 0, L_0x7504355660f0;  1 drivers
v0x64bb58bfee60_0 .net *"_ivl_6", 0 0, L_0x64bb58c02d20;  1 drivers
v0x64bb58bfef40_0 .net8 "_wk1", 0 0, L_0x7504355660a8;  1 drivers, strength-aware
v0x64bb58bff000_0 .net "a", 0 0, L_0x64bb58c03030;  1 drivers
v0x64bb58bff0c0_0 .net "b", 0 0, L_0x64bb58c03100;  1 drivers
v0x64bb58bff180_0 .net "s", 0 0, L_0x64bb58c02ee0;  1 drivers
S_0x64bb58bff2e0 .scope generate, "gen_mcc[2]" "gen_mcc[2]" 3 34, 3 34 0, S_0x64bb58bd6910;
 .timescale 0 0;
P_0x64bb58bff490 .param/l "i" 1 3 34, +C4<010>;
S_0x64bb58bff550 .scope module, "_1" "MCC1" 3 35, 3 47 0, S_0x64bb58bff2e0;
 .timescale 0 0;
    .port_info 0 /INPUT 1 "a";
    .port_info 1 /INPUT 1 "b";
    .port_info 2 /INPUT 1 "_cin";
    .port_info 3 /OUTPUT 1 "s";
    .port_info 4 /OUTPUT 1 "_cout";
L_0x64bb58c03290 .functor XOR 1, L_0x64bb58c03a80, L_0x64bb58c03bb0, C4<0>, C4<0>;
L_0x64bb58c03300 .functor AND 1, L_0x64bb58c03a80, L_0x64bb58c03bb0, C4<1>, C4<1>;
L_0x750435566138 .functor BUFT 1, C8<551>, C4<0>, C4<0>, C4<0>;
L_0x64bb58c03460 .functor PMOS 1, L_0x750435566138, L_0x64bb58c03300, C4<0>, C4<0>;
L_0x64bb58c03570 .functor NMOS 1, L_0x64bb58c03660, L_0x64bb58c03300, C4<0>, C4<0>;
L_0x750435566180 .functor BUFT 1, C4<0>, C4<0>, C4<0>, C4<0>;
L_0x64bb58c03660 .functor NMOS 1, L_0x750435566180, L_0x64bb58c03770, C4<0>, C4<0>;
L_0x64bb58c03770 .functor NOT 1, L_0x64bb58c03290, C4<0>, C4<0>, C4<0>;
L_0x64bb58c038c0 .functor NMOS 1, L_0x64bb58c03d30, L_0x64bb58c03290, C4<0>, C4<0>;
L_0x64bb58c03930 .functor XNOR 1, L_0x64bb58c03290, L_0x64bb58c03d30, C4<0>, C4<0>;
v0x64bb58bff730_0 .net "G", 0 0, L_0x64bb58c03300;  1 drivers
v0x64bb58bff810_0 .net "P", 0 0, L_0x64bb58c03290;  1 drivers
v0x64bb58bff8d0_0 .net "_cin", 0 0, L_0x64bb58c03d30;  1 drivers
v0x64bb58bff970_0 .net8 "_cout", 0 0, RS_0x7504355af6a8;  3 drivers, strength-aware
v0x64bb58bffa30_0 .net8 "_inter", 0 0, L_0x64bb58c03660;  1 drivers, strength-aware
v0x64bb58bffb40_0 .net/2s *"_ivl_4", 0 0, L_0x750435566180;  1 drivers
v0x64bb58bffc20_0 .net *"_ivl_6", 0 0, L_0x64bb58c03770;  1 drivers
v0x64bb58bffd00_0 .net8 "_wk1", 0 0, L_0x750435566138;  1 drivers, strength-aware
v0x64bb58bffdc0_0 .net "a", 0 0, L_0x64bb58c03a80;  1 drivers
v0x64bb58bfff10_0 .net "b", 0 0, L_0x64bb58c03bb0;  1 drivers
v0x64bb58bfffd0_0 .net "s", 0 0, L_0x64bb58c03930;  1 drivers
S_0x64bb58c00130 .scope generate, "gen_mcc[3]" "gen_mcc[3]" 3 34, 3 34 0, S_0x64bb58bd6910;
 .timescale 0 0;
P_0x64bb58c002e0 .param/l "i" 1 3 34, +C4<011>;
S_0x64bb58c003c0 .scope module, "_1" "MCC1" 3 35, 3 47 0, S_0x64bb58c00130;
 .timescale 0 0;
    .port_info 0 /INPUT 1 "a";
    .port_info 1 /INPUT 1 "b";
    .port_info 2 /INPUT 1 "_cin";
    .port_info 3 /OUTPUT 1 "s";
    .port_info 4 /OUTPUT 1 "_cout";
L_0x64bb58c03dd0 .functor XOR 1, L_0x64bb58c04460, L_0x64bb58c04560, C4<0>, C4<0>;
L_0x64bb58c03e40 .functor AND 1, L_0x64bb58c04460, L_0x64bb58c04560, C4<1>, C4<1>;
L_0x7504355661c8 .functor BUFT 1, C8<551>, C4<0>, C4<0>, C4<0>;
L_0x64bb58c03eb0 .functor PMOS 1, L_0x7504355661c8, L_0x64bb58c03e40, C4<0>, C4<0>;
L_0x64bb58c03fc0 .functor NMOS 1, L_0x64bb58c04080, L_0x64bb58c03e40, C4<0>, C4<0>;
L_0x750435566210 .functor BUFT 1, C4<0>, C4<0>, C4<0>, C4<0>;
L_0x64bb58c04080 .functor NMOS 1, L_0x750435566210, L_0x64bb58c04190, C4<0>, C4<0>;
L_0x64bb58c04190 .functor NOT 1, L_0x64bb58c03dd0, C4<0>, C4<0>, C4<0>;
L_0x64bb58c042a0 .functor NMOS 1, L_0x64bb58c04600, L_0x64bb58c03dd0, C4<0>, C4<0>;
L_0x64bb58c04310 .functor XNOR 1, L_0x64bb58c03dd0, L_0x64bb58c04600, C4<0>, C4<0>;
v0x64bb58c005a0_0 .net "G", 0 0, L_0x64bb58c03e40;  1 drivers
v0x64bb58c00680_0 .net "P", 0 0, L_0x64bb58c03dd0;  1 drivers
v0x64bb58c00740_0 .net "_cin", 0 0, L_0x64bb58c04600;  1 drivers
v0x64bb58c007e0_0 .net8 "_cout", 0 0, RS_0x7504355af9a8;  3 drivers, strength-aware
v0x64bb58c008a0_0 .net8 "_inter", 0 0, L_0x64bb58c04080;  1 drivers, strength-aware
v0x64bb58c009b0_0 .net/2s *"_ivl_4", 0 0, L_0x750435566210;  1 drivers
v0x64bb58c00a90_0 .net *"_ivl_6", 0 0, L_0x64bb58c04190;  1 drivers
v0x64bb58c00b70_0 .net8 "_wk1", 0 0, L_0x7504355661c8;  1 drivers, strength-aware
v0x64bb58c00c30_0 .net "a", 0 0, L_0x64bb58c04460;  1 drivers
v0x64bb58c00d80_0 .net "b", 0 0, L_0x64bb58c04560;  1 drivers
v0x64bb58c00e40_0 .net "s", 0 0, L_0x64bb58c04310;  1 drivers
    .scope S_0x64bb58bd6780;
T_0 ;
    %pushi/vec4 0, 0, 32;
    %store/vec4 v0x64bb58c01a80_0, 0, 32;
T_0.0 ;
    %load/vec4 v0x64bb58c01a80_0;
    %cmpi/s 16, 0, 32;
    %jmp/0xz T_0.1, 5;
    %pushi/vec4 0, 0, 32;
    %store/vec4 v0x64bb58c01b70_0, 0, 32;
T_0.2 ;
    %load/vec4 v0x64bb58c01b70_0;
    %cmpi/s 16, 0, 32;
    %jmp/0xz T_0.3, 5;
    %pushi/vec4 0, 0, 32;
    %store/vec4 v0x64bb58c01c10_0, 0, 32;
T_0.4 ;
    %load/vec4 v0x64bb58c01c10_0;
    %cmpi/s 2, 0, 32;
    %jmp/0xz T_0.5, 5;
    %load/vec4 v0x64bb58c01a80_0;
    %pad/s 4;
    %store/vec4 v0x64bb58c01700_0, 0, 4;
    %load/vec4 v0x64bb58c01b70_0;
    %pad/s 4;
    %store/vec4 v0x64bb58c017e0_0, 0, 4;
    %load/vec4 v0x64bb58c01c10_0;
    %pad/s 1;
    %store/vec4 v0x64bb58c018b0_0, 0, 1;
    %delay 1, 0;
    %load/vec4 v0x64bb58c01700_0;
    %pad/u 5;
    %load/vec4 v0x64bb58c017e0_0;
    %pad/u 5;
    %add;
    %load/vec4 v0x64bb58c018b0_0;
    %pad/u 5;
    %add;
    %load/vec4 v0x64bb58c019b0_0;
    %load/vec4 v0x64bb58c01cf0_0;
    %concat/vec4; draw_concat_vec4
    %cmp/e;
    %jmp/0xz  T_0.6, 4;
    %jmp T_0.7;
T_0.6 ;
    %vpi_call/w 3 91 "$error" {0 0 0};
T_0.7 ;
    ; show_stmt_assign_vector: Get l-value for compressed += operand
    %load/vec4 v0x64bb58c01c10_0;
    %pushi/vec4 1, 0, 32;
    %add;
    %cast2;
    %store/vec4 v0x64bb58c01c10_0, 0, 32;
    %jmp T_0.4;
T_0.5 ;
    ; show_stmt_assign_vector: Get l-value for compressed += operand
    %load/vec4 v0x64bb58c01b70_0;
    %pushi/vec4 1, 0, 32;
    %add;
    %cast2;
    %store/vec4 v0x64bb58c01b70_0, 0, 32;
    %jmp T_0.2;
T_0.3 ;
    ; show_stmt_assign_vector: Get l-value for compressed += operand
    %load/vec4 v0x64bb58c01a80_0;
    %pushi/vec4 1, 0, 32;
    %add;
    %cast2;
    %store/vec4 v0x64bb58c01a80_0, 0, 32;
    %jmp T_0.0;
T_0.1 ;
    %end;
    .thread T_0;
# The file index is used to find the file name in the following table.
:file_names 4;
    "N/A";
    "<interactive>";
    "-";
    "digital/MCCAdder.v";
